<?xml version="1.0" encoding="UTF-8"?>
<testsuite xmlns:xsi="http://www.w3.org/2001/XMLSchema-instance" xsi:noNamespaceSchemaLocation="https://maven.apache.org/surefire/maven-surefire-plugin/xsd/surefire-test-report.xsd" name="br.com.lojasrenner.uri.Project.Uri.UriApiTest" time="1.565" tests="1" errors="0" skipped="0" failures="1">
  <properties>
    <property name="sun.desktop" value="gnome"/>
    <property name="awt.toolkit" value="sun.awt.X11.XToolkit"/>
    <property name="file.encoding.pkg" value="sun.io"/>
    <property name="java.specification.version" value="1.8"/>
    <property name="sun.cpu.isalist" value=""/>
    <property name="sun.jnu.encoding" value="UTF-8"/>
    <property name="java.class.path" value="/home/wenderson/Downloads/Project-Uri/target/test-classes:/home/wenderson/Downloads/Project-Uri/target/classes:/home/wenderson/.m2/repository/org/springframework/boot/spring-boot-starter-web/2.2.2.RELEASE/spring-boot-starter-web-2.2.2.RELEASE.jar:/home/wenderson/.m2/repository/org/springframework/boot/spring-boot-starter/2.2.2.RELEASE/spring-boot-starter-2.2.2.RELEASE.jar:/home/wenderson/.m2/repository/org/springframework/boot/spring-boot/2.2.2.RELEASE/spring-boot-2.2.2.RELEASE.jar:/home/wenderson/.m2/repository/org/springframework/boot/spring-boot-autoconfigure/2.2.2.RELEASE/spring-boot-autoconfigure-2.2.2.RELEASE.jar:/home/wenderson/.m2/repository/org/springframework/boot/spring-boot-starter-logging/2.2.2.RELEASE/spring-boot-starter-logging-2.2.2.RELEASE.jar:/home/wenderson/.m2/repository/ch/qos/logback/logback-classic/1.2.3/logback-classic-1.2.3.jar:/home/wenderson/.m2/repository/ch/qos/logback/logback-core/1.2.3/logback-core-1.2.3.jar:/home/wenderson/.m2/repository/org/slf4j/slf4j-api/1.7.29/slf4j-api-1.7.29.jar:/home/wenderson/.m2/repository/org/apache/logging/log4j/log4j-to-slf4j/2.12.1/log4j-to-slf4j-2.12.1.jar:/home/wenderson/.m2/repository/org/apache/logging/log4j/log4j-api/2.12.1/log4j-api-2.12.1.jar:/home/wenderson/.m2/repository/org/slf4j/jul-to-slf4j/1.7.29/jul-to-slf4j-1.7.29.jar:/home/wenderson/.m2/repository/jakarta/annotation/jakarta.annotation-api/1.3.5/jakarta.annotation-api-1.3.5.jar:/home/wenderson/.m2/repository/org/springframework/spring-core/5.2.2.RELEASE/spring-core-5.2.2.RELEASE.jar:/home/wenderson/.m2/repository/org/springframework/spring-jcl/5.2.2.RELEASE/spring-jcl-5.2.2.RELEASE.jar:/home/wenderson/.m2/repository/org/yaml/snakeyaml/1.25/snakeyaml-1.25.jar:/home/wenderson/.m2/repository/org/springframework/boot/spring-boot-starter-json/2.2.2.RELEASE/spring-boot-starter-json-2.2.2.RELEASE.jar:/home/wenderson/.m2/repository/com/fasterxml/jackson/core/jackson-databind/2.10.1/jackson-databind-2.10.1.jar:/home/wenderson/.m2/repository/com/fasterxml/jackson/core/jackson-annotations/2.10.1/jackson-annotations-2.10.1.jar:/home/wenderson/.m2/repository/com/fasterxml/jackson/core/jackson-core/2.10.1/jackson-core-2.10.1.jar:/home/wenderson/.m2/repository/com/fasterxml/jackson/datatype/jackson-datatype-jdk8/2.10.1/jackson-datatype-jdk8-2.10.1.jar:/home/wenderson/.m2/repository/com/fasterxml/jackson/datatype/jackson-datatype-jsr310/2.10.1/jackson-datatype-jsr310-2.10.1.jar:/home/wenderson/.m2/repository/com/fasterxml/jackson/module/jackson-module-parameter-names/2.10.1/jackson-module-parameter-names-2.10.1.jar:/home/wenderson/.m2/repository/org/springframework/boot/spring-boot-starter-tomcat/2.2.2.RELEASE/spring-boot-starter-tomcat-2.2.2.RELEASE.jar:/home/wenderson/.m2/repository/org/apache/tomcat/embed/tomcat-embed-core/9.0.29/tomcat-embed-core-9.0.29.jar:/home/wenderson/.m2/repository/org/apache/tomcat/embed/tomcat-embed-el/9.0.29/tomcat-embed-el-9.0.29.jar:/home/wenderson/.m2/repository/org/apache/tomcat/embed/tomcat-embed-websocket/9.0.29/tomcat-embed-websocket-9.0.29.jar:/home/wenderson/.m2/repository/org/springframework/boot/spring-boot-starter-validation/2.2.2.RELEASE/spring-boot-starter-validation-2.2.2.RELEASE.jar:/home/wenderson/.m2/repository/jakarta/validation/jakarta.validation-api/2.0.1/jakarta.validation-api-2.0.1.jar:/home/wenderson/.m2/repository/org/hibernate/validator/hibernate-validator/6.0.18.Final/hibernate-validator-6.0.18.Final.jar:/home/wenderson/.m2/repository/org/jboss/logging/jboss-logging/3.4.1.Final/jboss-logging-3.4.1.Final.jar:/home/wenderson/.m2/repository/com/fasterxml/classmate/1.5.1/classmate-1.5.1.jar:/home/wenderson/.m2/repository/org/springframework/spring-web/5.2.2.RELEASE/spring-web-5.2.2.RELEASE.jar:/home/wenderson/.m2/repository/org/springframework/spring-beans/5.2.2.RELEASE/spring-beans-5.2.2.RELEASE.jar:/home/wenderson/.m2/repository/org/springframework/spring-webmvc/5.2.2.RELEASE/spring-webmvc-5.2.2.RELEASE.jar:/home/wenderson/.m2/repository/org/springframework/spring-aop/5.2.2.RELEASE/spring-aop-5.2.2.RELEASE.jar:/home/wenderson/.m2/repository/org/springframework/spring-context/5.2.2.RELEASE/spring-context-5.2.2.RELEASE.jar:/home/wenderson/.m2/repository/org/springframework/spring-expression/5.2.2.RELEASE/spring-expression-5.2.2.RELEASE.jar:/home/wenderson/.m2/repository/io/rest-assured/rest-assured/3.0.0/rest-assured-3.0.0.jar:/home/wenderson/.m2/repository/org/codehaus/groovy/groovy/2.5.8/groovy-2.5.8.jar:/home/wenderson/.m2/repository/org/codehaus/groovy/groovy-xml/2.5.8/groovy-xml-2.5.8.jar:/home/wenderson/.m2/repository/org/apache/httpcomponents/httpclient/4.5.10/httpclient-4.5.10.jar:/home/wenderson/.m2/repository/org/apache/httpcomponents/httpcore/4.4.12/httpcore-4.4.12.jar:/home/wenderson/.m2/repository/commons-codec/commons-codec/1.13/commons-codec-1.13.jar:/home/wenderson/.m2/repository/org/apache/httpcomponents/httpmime/4.5.10/httpmime-4.5.10.jar:/home/wenderson/.m2/repository/org/hamcrest/hamcrest-core/2.1/hamcrest-core-2.1.jar:/home/wenderson/.m2/repository/org/hamcrest/hamcrest/2.1/hamcrest-2.1.jar:/home/wenderson/.m2/repository/org/hamcrest/hamcrest-library/2.1/hamcrest-library-2.1.jar:/home/wenderson/.m2/repository/org/ccil/cowan/tagsoup/tagsoup/1.2.1/tagsoup-1.2.1.jar:/home/wenderson/.m2/repository/io/rest-assured/json-path/3.3.0/json-path-3.3.0.jar:/home/wenderson/.m2/repository/org/codehaus/groovy/groovy-json/2.5.8/groovy-json-2.5.8.jar:/home/wenderson/.m2/repository/io/rest-assured/rest-assured-common/3.3.0/rest-assured-common-3.3.0.jar:/home/wenderson/.m2/repository/io/rest-assured/xml-path/3.3.0/xml-path-3.3.0.jar:/home/wenderson/.m2/repository/javax/xml/bind/jaxb-api/2.3.1/jaxb-api-2.3.1.jar:/home/wenderson/.m2/repository/javax/activation/javax.activation-api/1.2.0/javax.activation-api-1.2.0.jar:/home/wenderson/.m2/repository/com/sun/xml/bind/jaxb-osgi/2.2.10/jaxb-osgi-2.2.10.jar:/home/wenderson/.m2/repository/org/apache/sling/org.apache.sling.javax.activation/0.1.0/org.apache.sling.javax.activation-0.1.0.jar:/home/wenderson/.m2/repository/javax/activation/activation/1.1.1/activation-1.1.1.jar:/home/wenderson/.m2/repository/junit/junit/4.8.2/junit-4.8.2.jar:/home/wenderson/.m2/repository/org/apache/commons/commons-lang3/3.4/commons-lang3-3.4.jar:"/>
    <property name="java.vm.vendor" value="Private Build"/>
    <property name="sun.arch.data.model" value="64"/>
    <property name="java.vendor.url" value="http://java.oracle.com/"/>
    <property name="user.timezone" value=""/>
    <property name="java.vm.specification.version" value="1.8"/>
    <property name="os.name" value="Linux"/>
    <property name="user.country" value="BR"/>
    <property name="sun.java.launcher" value="SUN_STANDARD"/>
    <property name="sun.boot.library.path" value="/usr/lib/jvm/java-8-openjdk-amd64/jre/lib/amd64"/>
    <property name="sun.java.command" value="/home/wenderson/Downloads/Project-Uri/target/surefire/surefirebooter2609760355755106201.jar /home/wenderson/Downloads/Project-Uri/target/surefire 2019-12-20T17-52-07_749-jvmRun1 surefire3732831162651495081tmp surefire_03438591698840685895tmp"/>
    <property name="surefire.test.class.path" value="/home/wenderson/Downloads/Project-Uri/target/test-classes:/home/wenderson/Downloads/Project-Uri/target/classes:/home/wenderson/.m2/repository/org/springframework/boot/spring-boot-starter-web/2.2.2.RELEASE/spring-boot-starter-web-2.2.2.RELEASE.jar:/home/wenderson/.m2/repository/org/springframework/boot/spring-boot-starter/2.2.2.RELEASE/spring-boot-starter-2.2.2.RELEASE.jar:/home/wenderson/.m2/repository/org/springframework/boot/spring-boot/2.2.2.RELEASE/spring-boot-2.2.2.RELEASE.jar:/home/wenderson/.m2/repository/org/springframework/boot/spring-boot-autoconfigure/2.2.2.RELEASE/spring-boot-autoconfigure-2.2.2.RELEASE.jar:/home/wenderson/.m2/repository/org/springframework/boot/spring-boot-starter-logging/2.2.2.RELEASE/spring-boot-starter-logging-2.2.2.RELEASE.jar:/home/wenderson/.m2/repository/ch/qos/logback/logback-classic/1.2.3/logback-classic-1.2.3.jar:/home/wenderson/.m2/repository/ch/qos/logback/logback-core/1.2.3/logback-core-1.2.3.jar:/home/wenderson/.m2/repository/org/slf4j/slf4j-api/1.7.29/slf4j-api-1.7.29.jar:/home/wenderson/.m2/repository/org/apache/logging/log4j/log4j-to-slf4j/2.12.1/log4j-to-slf4j-2.12.1.jar:/home/wenderson/.m2/repository/org/apache/logging/log4j/log4j-api/2.12.1/log4j-api-2.12.1.jar:/home/wenderson/.m2/repository/org/slf4j/jul-to-slf4j/1.7.29/jul-to-slf4j-1.7.29.jar:/home/wenderson/.m2/repository/jakarta/annotation/jakarta.annotation-api/1.3.5/jakarta.annotation-api-1.3.5.jar:/home/wenderson/.m2/repository/org/springframework/spring-core/5.2.2.RELEASE/spring-core-5.2.2.RELEASE.jar:/home/wenderson/.m2/repository/org/springframework/spring-jcl/5.2.2.RELEASE/spring-jcl-5.2.2.RELEASE.jar:/home/wenderson/.m2/repository/org/yaml/snakeyaml/1.25/snakeyaml-1.25.jar:/home/wenderson/.m2/repository/org/springframework/boot/spring-boot-starter-json/2.2.2.RELEASE/spring-boot-starter-json-2.2.2.RELEASE.jar:/home/wenderson/.m2/repository/com/fasterxml/jackson/core/jackson-databind/2.10.1/jackson-databind-2.10.1.jar:/home/wenderson/.m2/repository/com/fasterxml/jackson/core/jackson-annotations/2.10.1/jackson-annotations-2.10.1.jar:/home/wenderson/.m2/repository/com/fasterxml/jackson/core/jackson-core/2.10.1/jackson-core-2.10.1.jar:/home/wenderson/.m2/repository/com/fasterxml/jackson/datatype/jackson-datatype-jdk8/2.10.1/jackson-datatype-jdk8-2.10.1.jar:/home/wenderson/.m2/repository/com/fasterxml/jackson/datatype/jackson-datatype-jsr310/2.10.1/jackson-datatype-jsr310-2.10.1.jar:/home/wenderson/.m2/repository/com/fasterxml/jackson/module/jackson-module-parameter-names/2.10.1/jackson-module-parameter-names-2.10.1.jar:/home/wenderson/.m2/repository/org/springframework/boot/spring-boot-starter-tomcat/2.2.2.RELEASE/spring-boot-starter-tomcat-2.2.2.RELEASE.jar:/home/wenderson/.m2/repository/org/apache/tomcat/embed/tomcat-embed-core/9.0.29/tomcat-embed-core-9.0.29.jar:/home/wenderson/.m2/repository/org/apache/tomcat/embed/tomcat-embed-el/9.0.29/tomcat-embed-el-9.0.29.jar:/home/wenderson/.m2/repository/org/apache/tomcat/embed/tomcat-embed-websocket/9.0.29/tomcat-embed-websocket-9.0.29.jar:/home/wenderson/.m2/repository/org/springframework/boot/spring-boot-starter-validation/2.2.2.RELEASE/spring-boot-starter-validation-2.2.2.RELEASE.jar:/home/wenderson/.m2/repository/jakarta/validation/jakarta.validation-api/2.0.1/jakarta.validation-api-2.0.1.jar:/home/wenderson/.m2/repository/org/hibernate/validator/hibernate-validator/6.0.18.Final/hibernate-validator-6.0.18.Final.jar:/home/wenderson/.m2/repository/org/jboss/logging/jboss-logging/3.4.1.Final/jboss-logging-3.4.1.Final.jar:/home/wenderson/.m2/repository/com/fasterxml/classmate/1.5.1/classmate-1.5.1.jar:/home/wenderson/.m2/repository/org/springframework/spring-web/5.2.2.RELEASE/spring-web-5.2.2.RELEASE.jar:/home/wenderson/.m2/repository/org/springframework/spring-beans/5.2.2.RELEASE/spring-beans-5.2.2.RELEASE.jar:/home/wenderson/.m2/repository/org/springframework/spring-webmvc/5.2.2.RELEASE/spring-webmvc-5.2.2.RELEASE.jar:/home/wenderson/.m2/repository/org/springframework/spring-aop/5.2.2.RELEASE/spring-aop-5.2.2.RELEASE.jar:/home/wenderson/.m2/repository/org/springframework/spring-context/5.2.2.RELEASE/spring-context-5.2.2.RELEASE.jar:/home/wenderson/.m2/repository/org/springframework/spring-expression/5.2.2.RELEASE/spring-expression-5.2.2.RELEASE.jar:/home/wenderson/.m2/repository/io/rest-assured/rest-assured/3.0.0/rest-assured-3.0.0.jar:/home/wenderson/.m2/repository/org/codehaus/groovy/groovy/2.5.8/groovy-2.5.8.jar:/home/wenderson/.m2/repository/org/codehaus/groovy/groovy-xml/2.5.8/groovy-xml-2.5.8.jar:/home/wenderson/.m2/repository/org/apache/httpcomponents/httpclient/4.5.10/httpclient-4.5.10.jar:/home/wenderson/.m2/repository/org/apache/httpcomponents/httpcore/4.4.12/httpcore-4.4.12.jar:/home/wenderson/.m2/repository/commons-codec/commons-codec/1.13/commons-codec-1.13.jar:/home/wenderson/.m2/repository/org/apache/httpcomponents/httpmime/4.5.10/httpmime-4.5.10.jar:/home/wenderson/.m2/repository/org/hamcrest/hamcrest-core/2.1/hamcrest-core-2.1.jar:/home/wenderson/.m2/repository/org/hamcrest/hamcrest/2.1/hamcrest-2.1.jar:/home/wenderson/.m2/repository/org/hamcrest/hamcrest-library/2.1/hamcrest-library-2.1.jar:/home/wenderson/.m2/repository/org/ccil/cowan/tagsoup/tagsoup/1.2.1/tagsoup-1.2.1.jar:/home/wenderson/.m2/repository/io/rest-assured/json-path/3.3.0/json-path-3.3.0.jar:/home/wenderson/.m2/repository/org/codehaus/groovy/groovy-json/2.5.8/groovy-json-2.5.8.jar:/home/wenderson/.m2/repository/io/rest-assured/rest-assured-common/3.3.0/rest-assured-common-3.3.0.jar:/home/wenderson/.m2/repository/io/rest-assured/xml-path/3.3.0/xml-path-3.3.0.jar:/home/wenderson/.m2/repository/javax/xml/bind/jaxb-api/2.3.1/jaxb-api-2.3.1.jar:/home/wenderson/.m2/repository/javax/activation/javax.activation-api/1.2.0/javax.activation-api-1.2.0.jar:/home/wenderson/.m2/repository/com/sun/xml/bind/jaxb-osgi/2.2.10/jaxb-osgi-2.2.10.jar:/home/wenderson/.m2/repository/org/apache/sling/org.apache.sling.javax.activation/0.1.0/org.apache.sling.javax.activation-0.1.0.jar:/home/wenderson/.m2/repository/javax/activation/activation/1.1.1/activation-1.1.1.jar:/home/wenderson/.m2/repository/junit/junit/4.8.2/junit-4.8.2.jar:/home/wenderson/.m2/repository/org/apache/commons/commons-lang3/3.4/commons-lang3-3.4.jar:"/>
    <property name="sun.cpu.endian" value="little"/>
    <property name="user.home" value="/home/wenderson"/>
    <property name="user.language" value="pt"/>
    <property name="java.specification.vendor" value="Oracle Corporation"/>
    <property name="java.home" value="/usr/lib/jvm/java-8-openjdk-amd64/jre"/>
    <property name="basedir" value="/home/wenderson/Downloads/Project-Uri"/>
    <property name="style.color" value="always"/>
    <property name="file.separator" value="/"/>
    <property name="line.separator" value="&#10;"/>
    <property name="java.vm.specification.vendor" value="Oracle Corporation"/>
    <property name="java.specification.name" value="Java Platform API Specification"/>
    <property name="java.awt.graphicsenv" value="sun.awt.X11GraphicsEnvironment"/>
    <property name="surefire.real.class.path" value="/home/wenderson/Downloads/Project-Uri/target/surefire/surefirebooter2609760355755106201.jar"/>
    <property name="sun.boot.class.path" value="/usr/lib/jvm/java-8-openjdk-amd64/jre/lib/resources.jar:/usr/lib/jvm/java-8-openjdk-amd64/jre/lib/rt.jar:/usr/lib/jvm/java-8-openjdk-amd64/jre/lib/sunrsasign.jar:/usr/lib/jvm/java-8-openjdk-amd64/jre/lib/jsse.jar:/usr/lib/jvm/java-8-openjdk-amd64/jre/lib/jce.jar:/usr/lib/jvm/java-8-openjdk-amd64/jre/lib/charsets.jar:/usr/lib/jvm/java-8-openjdk-amd64/jre/lib/jfr.jar:/usr/lib/jvm/java-8-openjdk-amd64/jre/classes"/>
    <property name="sun.management.compiler" value="HotSpot 64-Bit Tiered Compilers"/>
    <property name="java.runtime.version" value="1.8.0_222-8u222-b10-1ubuntu1~18.04.1-b10"/>
    <property name="user.name" value="wenderson"/>
    <property name="path.separator" value=":"/>
    <property name="os.version" value="5.0.0-25-generic"/>
    <property name="java.endorsed.dirs" value="/usr/lib/jvm/java-8-openjdk-amd64/jre/lib/endorsed"/>
    <property name="java.runtime.name" value="OpenJDK Runtime Environment"/>
    <property name="file.encoding" value="UTF-8"/>
    <property name="java.vm.name" value="OpenJDK 64-Bit Server VM"/>
    <property name="localRepository" value="/home/wenderson/.m2/repository"/>
    <property name="java.vendor.url.bug" value="http://bugreport.sun.com/bugreport/"/>
    <property name="java.io.tmpdir" value="/tmp"/>
    <property name="java.version" value="1.8.0_222"/>
    <property name="user.dir" value="/home/wenderson/Downloads/Project-Uri"/>
    <property name="os.arch" value="amd64"/>
    <property name="java.vm.specification.name" value="Java Virtual Machine Specification"/>
    <property name="java.awt.printerjob" value="sun.print.PSPrinterJob"/>
    <property name="sun.os.patch.level" value="unknown"/>
    <property name="java.library.path" value="/usr/java/packages/lib/amd64:/usr/lib/x86_64-linux-gnu/jni:/lib/x86_64-linux-gnu:/usr/lib/x86_64-linux-gnu:/usr/lib/jni:/lib:/usr/lib"/>
    <property name="java.vm.info" value="mixed mode"/>
    <property name="java.vendor" value="Private Build"/>
    <property name="java.vm.version" value="25.222-b10"/>
    <property name="java.ext.dirs" value="/usr/lib/jvm/java-8-openjdk-amd64/jre/lib/ext:/usr/java/packages/lib/ext"/>
    <property name="sun.io.unicode.encoding" value="UnicodeLittle"/>
    <property name="java.class.version" value="52.0"/>
  </properties>
  <testcase name="todosFilmesVerificaCabecalhosResposta" classname="br.com.lojasrenner.uri.Project.Uri.UriApiTest" time="1.54">
    <failure message="1 expectation failed.&#10;Expected content-type &quot;JSON&quot; doesn&apos;t match actual content-type &quot;application/octet-stream&quot;.&#10;" type="java.lang.AssertionError">java.lang.AssertionError: 
1 expectation failed.
Expected content-type "JSON" doesn't match actual content-type "application/octet-stream".

	at br.com.lojasrenner.uri.Project.Uri.UriApiTest.todosFilmesVerificaCabecalhosResposta(UriApiTest.java:23)
</failure>
    <system-out><![CDATA[17:52:09.039 [main] DEBUG org.apache.http.impl.conn.BasicClientConnectionManager - Get connection for route {s}->https://uristorageprod.blob.core.windows.net:443
17:52:09.293 [main] DEBUG org.apache.http.impl.conn.DefaultClientConnectionOperator - Connecting to uristorageprod.blob.core.windows.net:443
17:52:09.576 [main] DEBUG org.apache.http.client.protocol.RequestAddCookies - CookieSpec selected: ignoreCookies
17:52:09.577 [main] DEBUG org.apache.http.client.protocol.RequestAuthCache - Auth cache not set in the context
17:52:09.577 [main] DEBUG org.apache.http.client.protocol.RequestTargetAuthentication - Target auth state: UNCHALLENGED
17:52:09.578 [main] DEBUG org.apache.http.client.protocol.RequestProxyAuthentication - Proxy auth state: UNCHALLENGED
17:52:09.578 [main] DEBUG org.apache.http.impl.client.DefaultHttpClient - Attempt 1 to execute request
17:52:09.578 [main] DEBUG org.apache.http.impl.conn.DefaultClientConnection - Sending request: GET /item/v1/001/BR/full/10009.json HTTP/1.1
17:52:09.579 [main] DEBUG org.apache.http.wire -  >> "GET /item/v1/001/BR/full/10009.json HTTP/1.1[\r][\n]"
17:52:09.580 [main] DEBUG org.apache.http.wire -  >> "Accept: */*[\r][\n]"
17:52:09.580 [main] DEBUG org.apache.http.wire -  >> "Content-Length: 0[\r][\n]"
17:52:09.580 [main] DEBUG org.apache.http.wire -  >> "Host: uristorageprod.blob.core.windows.net[\r][\n]"
17:52:09.580 [main] DEBUG org.apache.http.wire -  >> "Connection: Keep-Alive[\r][\n]"
17:52:09.580 [main] DEBUG org.apache.http.wire -  >> "User-Agent: Apache-HttpClient/4.5.10 (Java/1.8.0_222)[\r][\n]"
17:52:09.580 [main] DEBUG org.apache.http.wire -  >> "Accept-Encoding: gzip,deflate[\r][\n]"
17:52:09.580 [main] DEBUG org.apache.http.wire -  >> "[\r][\n]"
17:52:09.580 [main] DEBUG org.apache.http.headers - >> GET /item/v1/001/BR/full/10009.json HTTP/1.1
17:52:09.580 [main] DEBUG org.apache.http.headers - >> Accept: */*
17:52:09.580 [main] DEBUG org.apache.http.headers - >> Content-Length: 0
17:52:09.580 [main] DEBUG org.apache.http.headers - >> Host: uristorageprod.blob.core.windows.net
17:52:09.580 [main] DEBUG org.apache.http.headers - >> Connection: Keep-Alive
17:52:09.580 [main] DEBUG org.apache.http.headers - >> User-Agent: Apache-HttpClient/4.5.10 (Java/1.8.0_222)
17:52:09.580 [main] DEBUG org.apache.http.headers - >> Accept-Encoding: gzip,deflate
17:52:09.634 [main] DEBUG org.apache.http.wire -  << "HTTP/1.1 200 OK[\r][\n]"
17:52:09.635 [main] DEBUG org.apache.http.wire -  << "Content-Length: 659[\r][\n]"
17:52:09.636 [main] DEBUG org.apache.http.wire -  << "Content-Type: application/octet-stream[\r][\n]"
17:52:09.636 [main] DEBUG org.apache.http.wire -  << "Last-Modified: Tue, 17 Dec 2019 12:46:42 GMT[\r][\n]"
17:52:09.636 [main] DEBUG org.apache.http.wire -  << "Accept-Ranges: bytes[\r][\n]"
17:52:09.636 [main] DEBUG org.apache.http.wire -  << "ETag: "0x8D782EF2B17BD17"[\r][\n]"
17:52:09.636 [main] DEBUG org.apache.http.wire -  << "Server: Windows-Azure-Blob/1.0 Microsoft-HTTPAPI/2.0[\r][\n]"
17:52:09.636 [main] DEBUG org.apache.http.wire -  << "x-ms-request-id: 86dea536-f01e-0017-286e-b754f2000000[\r][\n]"
17:52:09.636 [main] DEBUG org.apache.http.wire -  << "x-ms-version: 2014-02-14[\r][\n]"
17:52:09.636 [main] DEBUG org.apache.http.wire -  << "x-ms-meta-hdi_permission: {"owner":"root","group":"supergroup","permissions":"rw-r--r--"}[\r][\n]"
17:52:09.636 [main] DEBUG org.apache.http.wire -  << "x-ms-lease-status: unlocked[\r][\n]"
17:52:09.637 [main] DEBUG org.apache.http.wire -  << "x-ms-lease-state: available[\r][\n]"
17:52:09.637 [main] DEBUG org.apache.http.wire -  << "x-ms-blob-type: BlockBlob[\r][\n]"
17:52:09.637 [main] DEBUG org.apache.http.wire -  << "x-ms-copy-id: 6fa015ab-582c-44bf-b044-b9772dcefa2d[\r][\n]"
17:52:09.637 [main] DEBUG org.apache.http.wire -  << "x-ms-copy-source: https://uristorageprod.blob.core.windows.net/item/_$azuretmpfolder$/067d93fd-103c-4de5-9aed-1e8cc6ae9b5f10009.json?sig=i9mDmXBi872QGeBGGfbaLMFaDNMGODJskW89Yspb0MQ%3D&api-version=2016-05-31&st=2019-12-17T11%3A52%3A29Z&se=2019-12-18T07%3A52%3A29Z&sv=2017-07-29&spr=https&sp=racwdl&sr=c[\r][\n]"
17:52:09.637 [main] DEBUG org.apache.http.wire -  << "x-ms-copy-status: success[\r][\n]"
17:52:09.637 [main] DEBUG org.apache.http.wire -  << "x-ms-copy-progress: 659/659[\r][\n]"
17:52:09.637 [main] DEBUG org.apache.http.wire -  << "x-ms-copy-completion-time: Tue, 17 Dec 2019 12:46:42 GMT[\r][\n]"
17:52:09.637 [main] DEBUG org.apache.http.wire -  << "Date: Fri, 20 Dec 2019 19:52:09 GMT[\r][\n]"
17:52:09.637 [main] DEBUG org.apache.http.wire -  << "[\r][\n]"
17:52:09.638 [main] DEBUG org.apache.http.impl.conn.DefaultClientConnection - Receiving response: HTTP/1.1 200 OK
17:52:09.638 [main] DEBUG org.apache.http.headers - << HTTP/1.1 200 OK
17:52:09.638 [main] DEBUG org.apache.http.headers - << Content-Length: 659
17:52:09.638 [main] DEBUG org.apache.http.headers - << Content-Type: application/octet-stream
17:52:09.639 [main] DEBUG org.apache.http.headers - << Last-Modified: Tue, 17 Dec 2019 12:46:42 GMT
17:52:09.639 [main] DEBUG org.apache.http.headers - << Accept-Ranges: bytes
17:52:09.639 [main] DEBUG org.apache.http.headers - << ETag: "0x8D782EF2B17BD17"
17:52:09.639 [main] DEBUG org.apache.http.headers - << Server: Windows-Azure-Blob/1.0 Microsoft-HTTPAPI/2.0
17:52:09.639 [main] DEBUG org.apache.http.headers - << x-ms-request-id: 86dea536-f01e-0017-286e-b754f2000000
17:52:09.639 [main] DEBUG org.apache.http.headers - << x-ms-version: 2014-02-14
17:52:09.639 [main] DEBUG org.apache.http.headers - << x-ms-meta-hdi_permission: {"owner":"root","group":"supergroup","permissions":"rw-r--r--"}
17:52:09.639 [main] DEBUG org.apache.http.headers - << x-ms-lease-status: unlocked
17:52:09.639 [main] DEBUG org.apache.http.headers - << x-ms-lease-state: available
17:52:09.639 [main] DEBUG org.apache.http.headers - << x-ms-blob-type: BlockBlob
17:52:09.639 [main] DEBUG org.apache.http.headers - << x-ms-copy-id: 6fa015ab-582c-44bf-b044-b9772dcefa2d
17:52:09.639 [main] DEBUG org.apache.http.headers - << x-ms-copy-source: https://uristorageprod.blob.core.windows.net/item/_$azuretmpfolder$/067d93fd-103c-4de5-9aed-1e8cc6ae9b5f10009.json?sig=i9mDmXBi872QGeBGGfbaLMFaDNMGODJskW89Yspb0MQ%3D&api-version=2016-05-31&st=2019-12-17T11%3A52%3A29Z&se=2019-12-18T07%3A52%3A29Z&sv=2017-07-29&spr=https&sp=racwdl&sr=c
17:52:09.639 [main] DEBUG org.apache.http.headers - << x-ms-copy-status: success
17:52:09.639 [main] DEBUG org.apache.http.headers - << x-ms-copy-progress: 659/659
17:52:09.639 [main] DEBUG org.apache.http.headers - << x-ms-copy-completion-time: Tue, 17 Dec 2019 12:46:42 GMT
17:52:09.639 [main] DEBUG org.apache.http.headers - << Date: Fri, 20 Dec 2019 19:52:09 GMT
17:52:09.644 [main] DEBUG org.apache.http.impl.client.DefaultHttpClient - Connection can be kept alive indefinitely
17:52:09.660 [main] DEBUG io.restassured.internal.RequestSpecificationImpl$RestAssuredHttpBuilder - Parsing response as: application/octet-stream
17:52:09.660 [main] DEBUG io.restassured.internal.RequestSpecificationImpl$RestAssuredHttpBuilder - Parsed data to instance of: class org.apache.http.conn.EofSensorInputStream
]]></system-out>
  </testcase>
</testsuite>